## SLURM PROLOG ###############################################################
##    Job ID : 1839620
##  Job Name : run_script.sh
##  Nodelist : node1134
##      CPUs : 1
##  Mem/Node : 32768 MB
## Directory : /gpfs/data/idellant/dmi/red-galaxies
##   Started : Sun Jul 25 00:37:50 EDT 2021
###############################################################################
module: unloading 'python/2.7.12'
module: loading 'python/3.7.4'
21/07/25 00:37:54 WARN NativeCodeLoader: Unable to load native-hadoop library for your platform... using builtin-java classes where applicable
Using Spark's default log4j profile: org/apache/spark/log4j-defaults.properties
Setting default log level to "WARN".
To adjust logging level use sc.setLogLevel(newLevel). For SparkR, use setLogLevel(newLevel).
Trying cluster: merge_A3558_4477_
[Stage 0:>                                                       (0 + 24) / 512][Stage 0:>                                                       (0 + 43) / 512][Stage 0:==>                                                    (21 + 24) / 512][Stage 0:==>                                                    (21 + 40) / 512][Stage 0:==>                                                    (21 + 43) / 512][Stage 0:====>                                                  (41 + 25) / 512][Stage 0:====>                                                  (42 + 25) / 512][Stage 0:======>                                                (60 + 24) / 512][Stage 0:=======>                                               (67 + 24) / 512][Stage 0:========>                                              (77 + 24) / 512][Stage 0:========>                                              (81 + 24) / 512][Stage 0:========>                                              (82 + 24) / 512][Stage 0:=========>                                             (84 + 24) / 512][Stage 0:==========>                                           (102 + 25) / 512][Stage 0:============>                                         (120 + 26) / 512][Stage 0:===============>                                      (148 + 25) / 512][Stage 0:==================>                                   (174 + 24) / 512][Stage 0:==================>                                   (178 + 26) / 512][Stage 0:====================>                                 (199 + 27) / 512][Stage 0:========================>                             (230 + 24) / 512][Stage 0:========================>                             (230 + 25) / 512][Stage 0:==========================>                           (255 + 24) / 512][Stage 0:=============================>                        (279 + 24) / 512][Stage 0:===============================>                      (303 + 24) / 512][Stage 0:==================================>                   (327 + 24) / 512][Stage 0:=====================================>                (351 + 24) / 512][Stage 0:=======================================>              (375 + 24) / 512][Stage 0:==========================================>           (399 + 24) / 512][Stage 0:==========================================>           (406 + 41) / 512][Stage 0:============================================>         (423 + 24) / 512][Stage 0:===============================================>      (447 + 24) / 512][Stage 0:=================================================>    (470 + 24) / 512][Stage 0:====================================================> (494 + 18) / 512]                                                                                [Stage 1:==>                                                    (24 + 24) / 512][Stage 1:==>                                                    (27 + 25) / 512][Stage 1:=====>                                                 (51 + 24) / 512][Stage 1:========>                                              (75 + 24) / 512][Stage 1:==========>                                            (99 + 25) / 512][Stage 1:============>                                         (120 + 24) / 512][Stage 1:===============>                                      (144 + 24) / 512][Stage 1:=================>                                    (169 + 25) / 512][Stage 1:====================>                                 (193 + 24) / 512][Stage 1:======================>                               (217 + 24) / 512][Stage 1:=========================>                            (241 + 24) / 512][Stage 1:===========================>                          (265 + 24) / 512][Stage 1:==============================>                       (289 + 24) / 512][Stage 1:=================================>                    (313 + 24) / 512][Stage 1:=================================>                    (313 + 31) / 512][Stage 1:===================================>                  (337 + 24) / 512][Stage 1:======================================>               (362 + 24) / 512][Stage 1:========================================>             (386 + 24) / 512][Stage 1:===========================================>          (410 + 24) / 512][Stage 1:=============================================>        (434 + 24) / 512][Stage 1:================================================>     (458 + 24) / 512][Stage 1:==================================================>   (482 + 24) / 512][Stage 1:======================================================>(507 + 5) / 512]                                                                                [Stage 2:==>                                                    (25 + 24) / 512][Stage 2:=====>                                                 (49 + 24) / 512][Stage 2:=======>                                               (73 + 24) / 512][Stage 2:==========>                                            (97 + 47) / 512][Stage 2:============>                                         (121 + 24) / 512][Stage 2:===============>                                      (145 + 24) / 512][Stage 2:=================>                                    (169 + 24) / 512][Stage 2:====================>                                 (193 + 24) / 512][Stage 2:======================>                               (217 + 24) / 512][Stage 2:==========================>                           (253 + 35) / 512][Stage 2:===========================>                          (265 + 24) / 512][Stage 2:==============================>                       (289 + 24) / 512][Stage 2:=================================>                    (313 + 24) / 512][Stage 2:===================================>                  (337 + 24) / 512][Stage 2:======================================>               (361 + 24) / 512][Stage 2:======================================>               (365 + 44) / 512][Stage 2:========================================>             (386 + 47) / 512][Stage 2:===========================================>          (410 + 24) / 512][Stage 2:=============================================>        (434 + 24) / 512][Stage 2:================================================>     (458 + 24) / 512][Stage 2:==================================================>   (482 + 24) / 512]                                                                                [Stage 3:==>                                                    (24 + 24) / 512][Stage 3:=====>                                                 (48 + 24) / 512][Stage 3:=======>                                               (72 + 24) / 512][Stage 3:==========>                                            (96 + 24) / 512][Stage 3:==========>                                            (96 + 25) / 512][Stage 3:===============>                                      (149 + 27) / 512][Stage 3:==================>                                   (174 + 24) / 512][Stage 3:====================>                                 (198 + 24) / 512][Stage 3:=======================>                              (222 + 24) / 512][Stage 3:=========================>                            (246 + 24) / 512][Stage 3:============================>                         (270 + 24) / 512][Stage 3:===============================>                      (294 + 24) / 512][Stage 3:=================================>                    (318 + 24) / 512][Stage 3:====================================>                 (342 + 24) / 512][Stage 3:======================================>               (366 + 24) / 512][Stage 3:=========================================>            (390 + 24) / 512][Stage 3:===========================================>          (414 + 24) / 512][Stage 3:==============================================>       (438 + 24) / 512][Stage 3:==================================================>   (475 + 34) / 512][Stage 3:===================================================>  (486 + 26) / 512]                                                                                [Stage 4:=======>                                               (71 + 25) / 512][Stage 4:=======>                                               (72 + 24) / 512][Stage 4:========>                                              (79 + 24) / 512][Stage 4:==========>                                           (103 + 24) / 512][Stage 4:=============>                                        (128 + 24) / 512][Stage 4:================>                                     (152 + 24) / 512][Stage 4:==================>                                   (176 + 24) / 512][Stage 4:=====================>                                (200 + 24) / 512][Stage 4:=======================>                              (224 + 24) / 512][Stage 4:=======================>                              (224 + 47) / 512][Stage 4:============================>                         (269 + 24) / 512][Stage 4:==============================>                       (293 + 24) / 512][Stage 4:=================================>                    (317 + 24) / 512][Stage 4:=================================>                    (317 + 47) / 512][Stage 4:===================================>                  (341 + 24) / 512][Stage 4:======================================>               (365 + 24) / 512][Stage 4:=========================================>            (389 + 24) / 512][Stage 4:===========================================>          (413 + 24) / 512][Stage 4:==============================================>       (438 + 24) / 512][Stage 4:================================================>     (463 + 24) / 512][Stage 4:===================================================>  (488 + 24) / 512]                                                                                21/07/25 00:39:30 WARN TaskSetManager: Stage 5 contains a task of very large size (166 KB). The maximum recommended task size is 100 KB.
[Stage 5:>                                                       (0 + 24) / 512][Stage 5:=>                                                     (16 + 24) / 512][Stage 5:=>                                                     (17 + 24) / 512][Stage 5:==>                                                    (21 + 24) / 512][Stage 5:===>                                                   (33 + 24) / 512][Stage 5:====>                                                  (42 + 24) / 512][Stage 5:====>                                                  (42 + 25) / 512][Stage 5:=====>                                                 (53 + 24) / 512][Stage 5:=====>                                                 (55 + 24) / 512][Stage 5:======>                                                (58 + 24) / 512][Stage 5:======>                                                (61 + 24) / 512][Stage 5:=======>                                               (71 + 24) / 512][Stage 5:=========>                                             (85 + 24) / 512][Stage 5:=========>                                             (87 + 24) / 512][Stage 5:==========>                                            (97 + 24) / 512][Stage 5:===========>                                          (111 + 24) / 512][Stage 5:===========>                                          (112 + 24) / 512][Stage 5:=============>                                        (124 + 24) / 512][Stage 5:==============>                                       (137 + 24) / 512][Stage 5:==============>                                       (138 + 24) / 512][Stage 5:===============>                                      (151 + 24) / 512][Stage 5:================>                                     (157 + 25) / 512][Stage 5:==================>                                   (175 + 24) / 512][Stage 5:===================>                                  (188 + 24) / 512][Stage 5:====================>                                 (190 + 27) / 512][Stage 5:======================>                               (211 + 28) / 512][Stage 5:========================>                             (232 + 24) / 512][Stage 5:========================>                             (235 + 24) / 512][Stage 5:=========================>                            (238 + 24) / 512][Stage 5:=========================>                            (244 + 25) / 512][Stage 5:==========================>                           (248 + 24) / 512][Stage 5:===========================>                          (264 + 24) / 512][Stage 5:============================>                         (268 + 24) / 512][Stage 5:============================>                         (268 + 26) / 512][Stage 5:=============================>                        (275 + 28) / 512][Stage 5:===============================>                      (300 + 24) / 512][Stage 5:===============================>                      (301 + 24) / 512][Stage 5:=================================>                    (317 + 24) / 512][Stage 5:===================================>                  (332 + 24) / 512][Stage 5:===================================>                  (339 + 24) / 512][Stage 5:===================================>                  (339 + 28) / 512][Stage 5:=====================================>                (356 + 24) / 512][Stage 5:=====================================>                (356 + 27) / 512][Stage 5:=====================================>                (357 + 26) / 512][Stage 5:=======================================>              (378 + 24) / 512][Stage 5:========================================>             (384 + 24) / 512][Stage 5:==========================================>           (399 + 24) / 512][Stage 5:==========================================>           (402 + 24) / 512][Stage 5:===========================================>          (408 + 24) / 512][Stage 5:===========================================>          (414 + 24) / 512][Stage 5:=============================================>        (429 + 24) / 512][Stage 5:=============================================>        (433 + 26) / 512][Stage 5:==============================================>       (438 + 24) / 512][Stage 5:==============================================>       (440 + 24) / 512][Stage 5:===============================================>      (451 + 24) / 512][Stage 5:================================================>     (456 + 24) / 512][Stage 5:================================================>     (456 + 27) / 512][Stage 5:==================================================>   (479 + 24) / 512][Stage 5:====================================================> (501 + 11) / 512][Stage 5:======================================================>(504 + 8) / 512][Stage 5:======================================================>(510 + 2) / 512][Stage 6:>                                                       (0 + 24) / 512][Stage 6:>                                                       (1 + 24) / 512][Stage 6:>                                                       (2 + 24) / 512][Stage 6:>                                                       (3 + 24) / 512][Stage 6:>                                                       (8 + 24) / 512][Stage 6:>                                                       (8 + 25) / 512][Stage 6:==>                                                    (24 + 24) / 512][Stage 6:==>                                                    (27 + 24) / 512][Stage 6:===>                                                   (32 + 24) / 512][Stage 6:====>                                                  (46 + 24) / 512][Stage 6:=====>                                                 (49 + 25) / 512][Stage 6:=====>                                                 (52 + 24) / 512][Stage 6:=====>                                                 (55 + 24) / 512][Stage 6:=======>                                               (71 + 24) / 512][Stage 6:=======>                                               (73 + 24) / 512][Stage 6:========>                                              (75 + 24) / 512][Stage 6:========>                                              (76 + 24) / 512][Stage 6:========>                                              (79 + 24) / 512][Stage 6:=========>                                             (87 + 24) / 512][Stage 6:==========>                                           (102 + 24) / 512][Stage 6:==========>                                           (104 + 25) / 512][Stage 6:============>                                         (117 + 24) / 512][Stage 6:============>                                         (122 + 25) / 512][Stage 6:=============>                                        (125 + 24) / 512][Stage 6:=============>                                        (126 + 24) / 512][Stage 6:==============>                                       (133 + 24) / 512][Stage 6:===============>                                      (147 + 24) / 512][Stage 6:=================>                                    (165 + 24) / 512][Stage 6:==================>                                   (177 + 24) / 512][Stage 6:==================>                                   (178 + 24) / 512][Stage 6:===================>                                  (181 + 25) / 512][Stage 6:====================>                                 (193 + 24) / 512][Stage 6:======================>                               (213 + 24) / 512][Stage 6:=======================>                              (219 + 25) / 512][Stage 6:========================>                             (229 + 24) / 512][Stage 6:========================>                             (237 + 25) / 512][Stage 6:==========================>                           (253 + 24) / 512][Stage 6:==========================>                           (255 + 24) / 512][Stage 6:============================>                         (271 + 24) / 512][Stage 6:============================>                         (272 + 28) / 512][Stage 6:===============================>                      (294 + 24) / 512][Stage 6:===============================>                      (295 + 24) / 512][Stage 6:================================>                     (310 + 24) / 512][Stage 6:=================================>                    (315 + 24) / 512][Stage 6:==================================>                   (329 + 24) / 512][Stage 6:=====================================>                (354 + 24) / 512][Stage 6:=====================================>                (360 + 25) / 512][Stage 6:========================================>             (382 + 24) / 512][Stage 6:========================================>             (388 + 24) / 512][Stage 6:=========================================>            (393 + 27) / 512][Stage 6:===========================================>          (410 + 24) / 512][Stage 6:===========================================>          (416 + 24) / 512][Stage 6:=============================================>        (435 + 24) / 512][Stage 6:==============================================>       (442 + 24) / 512][Stage 6:================================================>     (461 + 24) / 512][Stage 6:=================================================>    (468 + 24) / 512][Stage 6:===================================================>  (487 + 24) / 512][Stage 6:====================================================> (502 + 10) / 512][Stage 6:======================================================>(504 + 8) / 512]                                                                                Total searched: 0
Trying cluster: merge_A3558_3388_
21/07/25 00:42:35 WARN TaskSetManager: Stage 0 contains a task of very large size (109 KB). The maximum recommended task size is 100 KB.
[Stage 0:>                                                       (0 + 24) / 512][Stage 0:>                                                       (0 + 26) / 512][Stage 0:==>                                                    (19 + 24) / 512][Stage 0:====>                                                  (41 + 24) / 512][Stage 0:======>                                                (65 + 24) / 512][Stage 0:========>                                              (83 + 24) / 512][Stage 0:=========>                                             (89 + 25) / 512][Stage 0:=============>                                        (127 + 24) / 512][Stage 0:===============>                                      (146 + 24) / 512][Stage 0:=================>                                    (168 + 24) / 512][Stage 0:===================>                                  (187 + 24) / 512][Stage 0:======================>                               (210 + 24) / 512][Stage 0:========================>                             (233 + 24) / 512][Stage 0:===========================>                          (256 + 24) / 512][Stage 0:==============================>                       (289 + 24) / 512][Stage 0:=================================>                    (316 + 24) / 512][Stage 0:===================================>                  (336 + 24) / 512][Stage 0:=====================================>                (355 + 24) / 512][Stage 0:=======================================>              (375 + 24) / 512][Stage 0:=========================================>            (398 + 25) / 512][Stage 0:=============================================>        (430 + 24) / 512][Stage 0:==============================================>       (437 + 24) / 512][Stage 0:==============================================>       (440 + 24) / 512][Stage 0:===============================================>      (453 + 24) / 512][Stage 0:================================================>     (461 + 24) / 512][Stage 0:==================================================>   (480 + 24) / 512]                                                                                [Stage 1:==>                                                    (23 + 24) / 512][Stage 1:====>                                                  (46 + 24) / 512][Stage 1:========>                                              (78 + 24) / 512][Stage 1:==========>                                            (99 + 24) / 512][Stage 1:==========>                                            (99 + 25) / 512][Stage 1:============>                                         (123 + 24) / 512][Stage 1:===============>                                      (149 + 24) / 512][Stage 1:=================>                                    (169 + 24) / 512][Stage 1:====================>                                 (195 + 24) / 512][Stage 1:========================>                             (229 + 24) / 512][Stage 1:==========================>                           (255 + 24) / 512][Stage 1:============================>                         (273 + 24) / 512][Stage 1:===============================>                      (295 + 24) / 512][Stage 1:=================================>                    (317 + 24) / 512][Stage 1:==================================>                   (327 + 25) / 512][Stage 1:=====================================>                (351 + 24) / 512][Stage 1:=======================================>              (372 + 24) / 512][Stage 1:=========================================>            (392 + 25) / 512][Stage 1:===========================================>          (414 + 24) / 512][Stage 1:==============================================>       (438 + 24) / 512][Stage 1:==============================================>       (445 + 24) / 512][Stage 1:=================================================>    (466 + 24) / 512][Stage 1:===================================================>  (487 + 24) / 512]21/07/25 00:42:50 WARN TaskSetManager: Stage 1 contains a task of very large size (127 KB). The maximum recommended task size is 100 KB.
                                                                                21/07/25 00:42:53 WARN TaskSetManager: Stage 2 contains a task of very large size (115 KB). The maximum recommended task size is 100 KB.
[Stage 2:====>                                                  (38 + 24) / 512][Stage 2:======>                                                (59 + 24) / 512][Stage 2:========>                                              (78 + 24) / 512][Stage 2:==========>                                            (98 + 24) / 512][Stage 2:============>                                         (121 + 24) / 512][Stage 2:=============>                                        (124 + 26) / 512][Stage 2:===============>                                      (150 + 24) / 512][Stage 2:==================>                                   (173 + 24) / 512][Stage 2:====================>                                 (193 + 24) / 512][Stage 2:======================>                               (211 + 24) / 512][Stage 2:=======================>                              (223 + 25) / 512][Stage 2:==========================>                           (249 + 24) / 512][Stage 2:============================>                         (271 + 24) / 512][Stage 2:==============================>                       (291 + 24) / 512][Stage 2:================================>                     (311 + 24) / 512][Stage 2:==================================>                   (324 + 25) / 512][Stage 2:=====================================>                (353 + 24) / 512][Stage 2:=======================================>              (373 + 24) / 512][Stage 2:=========================================>            (397 + 24) / 512][Stage 2:===========================================>          (416 + 24) / 512][Stage 2:=============================================>        (427 + 25) / 512][Stage 2:================================================>     (462 + 25) / 512][Stage 2:===================================================>  (488 + 24) / 512]                                                                                21/07/25 00:43:03 WARN TaskSetManager: Stage 3 contains a task of very large size (112 KB). The maximum recommended task size is 100 KB.
[Stage 3:====>                                                  (44 + 24) / 512][Stage 3:=======>                                               (66 + 26) / 512][Stage 3:=========>                                             (87 + 24) / 512][Stage 3:============>                                         (115 + 35) / 512][Stage 3:===============>                                      (146 + 24) / 512][Stage 3:===============>                                      (151 + 24) / 512][Stage 3:==================>                                   (174 + 25) / 512][Stage 3:===================>                                  (187 + 24) / 512][Stage 3:=====================>                                (202 + 31) / 512][Stage 3:=====================>                                (202 + 37) / 512][Stage 3:========================>                             (236 + 24) / 512][Stage 3:==========================>                           (250 + 24) / 512][Stage 3:==========================>                           (251 + 24) / 512][Stage 3:===========================>                          (258 + 24) / 512][Stage 3:=============================>                        (282 + 24) / 512][Stage 3:================================>                     (305 + 24) / 512][Stage 3:================================>                     (307 + 25) / 512][Stage 3:==================================>                   (323 + 24) / 512][Stage 3:=====================================>                (353 + 24) / 512][Stage 3:=======================================>              (373 + 24) / 512][Stage 3:=======================================>              (375 + 24) / 512][Stage 3:========================================>             (388 + 24) / 512][Stage 3:=========================================>            (396 + 24) / 512][Stage 3:==========================================>           (403 + 25) / 512][Stage 3:=============================================>        (428 + 27) / 512][Stage 3:================================================>     (458 + 24) / 512][Stage 3:==================================================>   (476 + 24) / 512][Stage 3:====================================================> (498 + 14) / 512]                                                                                21/07/25 00:43:12 WARN TaskSetManager: Stage 4 contains a task of very large size (110 KB). The maximum recommended task size is 100 KB.
[Stage 4:===>                                                   (34 + 25) / 512][Stage 4:======>                                                (60 + 24) / 512][Stage 4:========>                                              (81 + 24) / 512][Stage 4:==========>                                           (101 + 24) / 512][Stage 4:=============>                                        (128 + 24) / 512][Stage 4:================>                                     (160 + 24) / 512][Stage 4:===================>                                  (184 + 24) / 512][Stage 4:=====================>                                (202 + 24) / 512][Stage 4:=======================>                              (221 + 24) / 512][Stage 4:========================>                             (230 + 24) / 512][Stage 4:==========================>                           (253 + 24) / 512][Stage 4:============================>                         (272 + 24) / 512][Stage 4:==============================>                       (293 + 24) / 512][Stage 4:=================================>                    (314 + 24) / 512][Stage 4:===================================>                  (332 + 24) / 512][Stage 4:===================================>                  (333 + 24) / 512][Stage 4:====================================>                 (347 + 27) / 512][Stage 4:=======================================>              (377 + 24) / 512][Stage 4:=========================================>            (396 + 24) / 512][Stage 4:===========================================>          (416 + 24) / 512][Stage 4:==============================================>       (444 + 24) / 512][Stage 4:===============================================>      (447 + 24) / 512][Stage 4:=================================================>    (467 + 24) / 512][Stage 4:===================================================>  (487 + 24) / 512]                                                                                21/07/25 00:43:25 WARN TaskSetManager: Stage 5 contains a task of very large size (635 KB). The maximum recommended task size is 100 KB.
[Stage 5:>                                                       (0 + 24) / 512][Stage 5:>                                                       (1 + 24) / 512][Stage 5:==>                                                    (20 + 24) / 512][Stage 5:==>                                                    (22 + 24) / 512][Stage 5:==>                                                    (25 + 24) / 512][Stage 5:===>                                                   (35 + 24) / 512][Stage 5:====>                                                  (43 + 24) / 512][Stage 5:====>                                                  (46 + 24) / 512][Stage 5:=====>                                                 (49 + 24) / 512][Stage 5:======>                                                (62 + 24) / 512][Stage 5:======>                                                (63 + 24) / 512][Stage 5:========>                                              (76 + 24) / 512][Stage 5:========>                                              (82 + 24) / 512][Stage 5:==========>                                           (100 + 24) / 512][Stage 5:===========>                                          (110 + 24) / 512][Stage 5:============>                                         (116 + 24) / 512][Stage 5:=============>                                        (131 + 24) / 512][Stage 5:===============>                                      (147 + 24) / 512][Stage 5:===============>                                      (149 + 24) / 512][Stage 5:================>                                     (155 + 24) / 512][Stage 5:=================>                                    (168 + 24) / 512][Stage 5:=================>                                    (168 + 29) / 512][Stage 5:====================>                                 (197 + 25) / 512][Stage 5:====================>                                 (198 + 24) / 512][Stage 5:=====================>                                (202 + 24) / 512][Stage 5:======================>                               (212 + 24) / 512][Stage 5:=======================>                              (223 + 24) / 512][Stage 5:========================>                             (228 + 24) / 512][Stage 5:=========================>                            (240 + 24) / 512][Stage 5:==========================>                           (252 + 24) / 512][Stage 5:===========================>                          (257 + 24) / 512][Stage 5:===========================>                          (258 + 24) / 512][Stage 5:============================>                         (266 + 24) / 512][Stage 5:============================>                         (273 + 24) / 512][Stage 5:============================>                         (273 + 27) / 512][Stage 5:==============================>                       (288 + 24) / 512][Stage 5:===============================>                      (297 + 25) / 512][Stage 5:=================================>                    (319 + 24) / 512][Stage 5:=================================>                    (322 + 24) / 512][Stage 5:==================================>                   (327 + 31) / 512][Stage 5:===================================>                  (334 + 24) / 512][Stage 5:===================================>                  (336 + 24) / 512][Stage 5:===================================>                  (341 + 29) / 512][Stage 5:====================================>                 (346 + 24) / 512][Stage 5:======================================>               (365 + 24) / 512][Stage 5:======================================>               (368 + 24) / 512][Stage 5:=========================================>            (392 + 24) / 512][Stage 5:==========================================>           (406 + 24) / 512][Stage 5:===========================================>          (413 + 24) / 512][Stage 5:============================================>         (422 + 24) / 512][Stage 5:=============================================>        (430 + 25) / 512][Stage 5:=============================================>        (436 + 24) / 512][Stage 5:==============================================>       (439 + 24) / 512][Stage 5:==============================================>       (445 + 24) / 512][Stage 5:===============================================>      (450 + 24) / 512][Stage 5:=================================================>    (465 + 24) / 512][Stage 5:=================================================>    (468 + 24) / 512][Stage 5:==================================================>   (482 + 24) / 512][Stage 5:==================================================>   (483 + 24) / 512][Stage 5:======================================================>(503 + 9) / 512][Stage 5:======================================================>(508 + 4) / 512][Stage 6:>                                                       (0 + 25) / 512][Stage 6:>                                                       (3 + 24) / 512][Stage 6:>                                                       (3 + 27) / 512][Stage 6:==>                                                    (19 + 24) / 512][Stage 6:==>                                                    (24 + 27) / 512][Stage 6:===>                                                   (29 + 24) / 512][Stage 6:====>                                                  (46 + 24) / 512][Stage 6:======>                                                (56 + 24) / 512][Stage 6:=======>                                               (68 + 24) / 512][Stage 6:=======>                                               (71 + 24) / 512][Stage 6:=======>                                               (73 + 24) / 512][Stage 6:=========>                                             (89 + 24) / 512][Stage 6:===========>                                          (105 + 24) / 512][Stage 6:===========>                                          (108 + 25) / 512][Stage 6:=============>                                        (131 + 25) / 512][Stage 6:===============>                                      (144 + 24) / 512][Stage 6:=================>                                    (170 + 24) / 512][Stage 6:===================>                                  (188 + 24) / 512][Stage 6:=====================>                                (202 + 24) / 512][Stage 6:======================>                               (209 + 24) / 512][Stage 6:=======================>                              (224 + 24) / 512][Stage 6:========================>                             (229 + 24) / 512][Stage 6:=========================>                            (244 + 24) / 512][Stage 6:==========================>                           (249 + 24) / 512][Stage 6:===========================>                          (264 + 24) / 512][Stage 6:===========================>                          (265 + 24) / 512][Stage 6:=============================>                        (284 + 24) / 512][Stage 6:==============================>                       (286 + 25) / 512][Stage 6:================================>                     (310 + 24) / 512][Stage 6:================================>                     (310 + 25) / 512][Stage 6:================================>                     (312 + 24) / 512][Stage 6:==================================>                   (329 + 24) / 512][Stage 6:===================================>                  (333 + 24) / 512][Stage 6:=====================================>                (353 + 37) / 512][Stage 6:======================================>               (366 + 24) / 512][Stage 6:======================================>               (366 + 29) / 512][Stage 6:=======================================>              (378 + 29) / 512][Stage 6:=======================================>              (378 + 31) / 512][Stage 6:=======================================>              (378 + 37) / 512][Stage 6:=========================================>            (392 + 37) / 512][Stage 6:===========================================>          (412 + 24) / 512][Stage 6:===========================================>          (413 + 24) / 512][Stage 6:===========================================>          (414 + 27) / 512][Stage 6:===============================================>      (449 + 25) / 512][Stage 6:===============================================>      (450 + 25) / 512][Stage 6:===============================================>      (452 + 24) / 512][Stage 6:================================================>     (460 + 24) / 512][Stage 6:================================================>     (460 + 26) / 512][Stage 6:==================================================>   (481 + 24) / 512][Stage 6:===================================================>  (486 + 24) / 512][Stage 6:======================================================>(507 + 5) / 512]                                                                                Total searched: 0
Trying cluster: A2029_merge_3388_
21/07/25 00:47:09 WARN TaskSetManager: Stage 0 contains a task of very large size (122 KB). The maximum recommended task size is 100 KB.
[Stage 0:>                                                       (0 + 24) / 512][Stage 0:>                                                       (0 + 42) / 512][Stage 0:====>                                                  (43 + 24) / 512][Stage 0:======>                                                (63 + 24) / 512][Stage 0:========>                                              (83 + 24) / 512][Stage 0:==========>                                            (98 + 25) / 512][Stage 0:============>                                         (119 + 24) / 512][Stage 0:===============>                                      (147 + 24) / 512][Stage 0:=================>                                    (168 + 24) / 512][Stage 0:=====================>                                (206 + 24) / 512][Stage 0:=======================>                              (227 + 24) / 512][Stage 0:==========================>                           (248 + 24) / 512][Stage 0:============================>                         (266 + 24) / 512][Stage 0:===============================>                      (294 + 25) / 512][Stage 0:=================================>                    (315 + 24) / 512][Stage 0:===================================>                  (336 + 24) / 512][Stage 0:========================================>             (387 + 24) / 512][Stage 0:===========================================>          (408 + 24) / 512][Stage 0:=============================================>        (429 + 24) / 512][Stage 0:===============================================>      (453 + 26) / 512][Stage 0:==================================================>   (481 + 24) / 512][Stage 0:====================================================> (498 + 14) / 512]                                                                                21/07/25 00:47:20 WARN TaskSetManager: Stage 1 contains a task of very large size (122 KB). The maximum recommended task size is 100 KB.
[Stage 1:=====>                                                 (54 + 24) / 512][Stage 1:=======>                                               (66 + 25) / 512][Stage 1:=======>                                               (71 + 24) / 512][Stage 1:===========>                                          (109 + 24) / 512][Stage 1:=============>                                        (127 + 24) / 512][Stage 1:================>                                     (158 + 24) / 512][Stage 1:==================>                                   (177 + 24) / 512][Stage 1:====================>                                 (196 + 24) / 512][Stage 1:=====================>                                (207 + 24) / 512][Stage 1:=========================>                            (243 + 24) / 512][Stage 1:===========================>                          (260 + 24) / 512][Stage 1:===============================>                      (300 + 25) / 512][Stage 1:=================================>                    (320 + 24) / 512][Stage 1:======================================>               (368 + 25) / 512][Stage 1:========================================>             (387 + 24) / 512][Stage 1:===========================================>          (408 + 24) / 512][Stage 1:===============================================>      (448 + 26) / 512][Stage 1:=================================================>    (470 + 24) / 512][Stage 1:===================================================>  (493 + 19) / 512][Stage 1:====================================================> (502 + 10) / 512]                                                                                21/07/25 00:47:31 WARN TaskSetManager: Stage 2 contains a task of very large size (122 KB). The maximum recommended task size is 100 KB.
[Stage 2:======>                                                (58 + 24) / 512][Stage 2:========>                                              (78 + 24) / 512][Stage 2:==========>                                            (99 + 24) / 512][Stage 2:==============>                                       (137 + 24) / 512][Stage 2:================>                                     (158 + 24) / 512][Stage 2:====================>                                 (197 + 24) / 512][Stage 2:======================>                               (215 + 24) / 512][Stage 2:========================>                             (233 + 24) / 512][Stage 2:==========================>                           (254 + 24) / 512][Stage 2:============================>                         (274 + 24) / 512][Stage 2:==============================>                       (289 + 24) / 512][Stage 2:==================================>                   (326 + 24) / 512][Stage 2:====================================>                 (344 + 24) / 512][Stage 2:=======================================>              (373 + 25) / 512][Stage 2:=========================================>            (393 + 24) / 512][Stage 2:===========================================>          (413 + 24) / 512][Stage 2:=============================================>        (434 + 24) / 512][Stage 2:================================================>     (456 + 24) / 512][Stage 2:==================================================>   (477 + 24) / 512][Stage 2:==================================================>   (481 + 24) / 512][Stage 2:====================================================> (495 + 17) / 512][Stage 2:====================================================> (500 + 12) / 512][Stage 2:======================================================>(505 + 7) / 512]                                                                                21/07/25 00:47:43 WARN TaskSetManager: Stage 3 contains a task of very large size (122 KB). The maximum recommended task size is 100 KB.
[Stage 3:====>                                                  (44 + 25) / 512][Stage 3:======>                                                (62 + 24) / 512][Stage 3:===========>                                          (109 + 24) / 512][Stage 3:=============>                                        (127 + 24) / 512][Stage 3:=================>                                    (167 + 24) / 512][Stage 3:===================>                                  (189 + 24) / 512][Stage 3:=======================>                              (225 + 24) / 512][Stage 3:=========================>                            (242 + 25) / 512][Stage 3:=============================>                        (283 + 25) / 512][Stage 3:===============================>                      (300 + 24) / 512][Stage 3:===================================>                  (338 + 27) / 512][Stage 3:======================================>               (363 + 24) / 512][Stage 3:=======================================>              (371 + 24) / 512][Stage 3:========================================>             (380 + 24) / 512][Stage 3:===========================================>          (410 + 24) / 512][Stage 3:=============================================>        (429 + 24) / 512][Stage 3:================================================>     (456 + 24) / 512][Stage 3:==================================================>   (479 + 24) / 512][Stage 3:====================================================> (497 + 15) / 512]                                                                                21/07/25 00:47:53 WARN TaskSetManager: Stage 4 contains a task of very large size (122 KB). The maximum recommended task size is 100 KB.
[Stage 4:====>                                                  (38 + 27) / 512][Stage 4:=======>                                               (68 + 24) / 512][Stage 4:==========>                                           (100 + 25) / 512][Stage 4:============>                                         (120 + 24) / 512][Stage 4:==============>                                       (138 + 24) / 512][Stage 4:================>                                     (159 + 24) / 512][Stage 4:==================>                                   (180 + 25) / 512][Stage 4:===================>                                  (184 + 25) / 512][Stage 4:=====================>                                (203 + 24) / 512][Stage 4:=======================>                              (224 + 24) / 512][Stage 4:========================>                             (237 + 24) / 512][Stage 4:==============================>                       (285 + 24) / 512][Stage 4:================================>                     (309 + 24) / 512][Stage 4:===================================>                  (333 + 24) / 512][Stage 4:=====================================>                (351 + 24) / 512][Stage 4:=====================================>                (352 + 24) / 512][Stage 4:=======================================>              (377 + 24) / 512][Stage 4:=========================================>            (397 + 24) / 512][Stage 4:==============================================>       (437 + 24) / 512][Stage 4:================================================>     (460 + 24) / 512][Stage 4:==================================================>   (480 + 24) / 512][Stage 4:====================================================> (501 + 11) / 512]                                                                                21/07/25 00:48:10 WARN TaskSetManager: Stage 5 contains a task of very large size (957 KB). The maximum recommended task size is 100 KB.
[Stage 5:>                                                       (1 + 24) / 512][Stage 5:=>                                                     (11 + 24) / 512][Stage 5:=>                                                     (12 + 24) / 512][Stage 5:==>                                                    (22 + 24) / 512][Stage 5:===>                                                   (33 + 24) / 512][Stage 5:===>                                                   (37 + 24) / 512][Stage 5:====>                                                  (44 + 24) / 512][Stage 5:======>                                                (56 + 28) / 512][Stage 5:=======>                                               (66 + 24) / 512][Stage 5:=======>                                               (74 + 24) / 512][Stage 5:=======>                                               (74 + 25) / 512][Stage 5:========>                                              (82 + 24) / 512][Stage 5:==========>                                            (95 + 24) / 512][Stage 5:==========>                                            (97 + 24) / 512][Stage 5:===========>                                          (108 + 24) / 512][Stage 5:============>                                         (117 + 24) / 512][Stage 5:=============>                                        (130 + 24) / 512][Stage 5:==============>                                       (135 + 24) / 512][Stage 5:==============>                                       (135 + 32) / 512][Stage 5:================>                                     (154 + 23) / 512][Stage 5:================>                                     (155 + 24) / 512][Stage 5:=================>                                    (166 + 24) / 512][Stage 5:==================>                                   (176 + 24) / 512][Stage 5:==================>                                   (178 + 24) / 512][Stage 5:==================>                                   (179 + 25) / 512][Stage 5:===================>                                  (185 + 25) / 512][Stage 5:=====================>                                (205 + 24) / 512][Stage 5:======================>                               (211 + 24) / 512][Stage 5:======================>                               (211 + 27) / 512][Stage 5:======================>                               (212 + 26) / 512][Stage 5:=========================>                            (243 + 24) / 512][Stage 5:=========================>                            (243 + 25) / 512][Stage 5:===========================>                          (256 + 24) / 512][Stage 5:===========================>                          (262 + 24) / 512][Stage 5:============================>                         (266 + 24) / 512][Stage 5:============================>                         (266 + 25) / 512][Stage 5:============================>                         (268 + 26) / 512][Stage 5:=============================>                        (281 + 24) / 512][Stage 5:==============================>                       (289 + 24) / 512][Stage 5:==============================>                       (289 + 26) / 512][Stage 5:===============================>                      (299 + 24) / 512][Stage 5:================================>                     (307 + 24) / 512][Stage 5:================================>                     (308 + 26) / 512][Stage 5:=================================>                    (320 + 24) / 512][Stage 5:==================================>                   (324 + 24) / 512][Stage 5:==================================>                   (324 + 25) / 512][Stage 5:==================================>                   (326 + 27) / 512][Stage 5:=====================================>                (351 + 24) / 512][Stage 5:=====================================>                (358 + 24) / 512][Stage 5:=====================================>                (360 + 24) / 512][Stage 5:======================================>               (363 + 25) / 512][Stage 5:========================================>             (381 + 25) / 512][Stage 5:========================================>             (382 + 25) / 512][Stage 5:========================================>             (384 + 25) / 512][Stage 5:=========================================>            (389 + 26) / 512][Stage 5:=========================================>            (398 + 25) / 512][Stage 5:==========================================>           (399 + 26) / 512][Stage 5:===========================================>          (408 + 25) / 512][Stage 5:===========================================>          (411 + 27) / 512][Stage 5:============================================>         (424 + 24) / 512][Stage 5:=============================================>        (433 + 24) / 512][Stage 5:==============================================>       (437 + 25) / 512][Stage 5:===============================================>      (451 + 24) / 512][Stage 5:================================================>     (458 + 24) / 512][Stage 5:=================================================>    (467 + 24) / 512][Stage 5:=================================================>    (473 + 24) / 512][Stage 5:===================================================>  (486 + 24) / 512][Stage 5:====================================================> (498 + 14) / 512][Stage 5:====================================================> (501 + 11) / 512][Stage 6:>                                                        (0 + 0) / 512][Stage 6:>                                                        (0 + 9) / 512][Stage 6:==>                                                    (25 + 24) / 512][Stage 6:==>                                                    (25 + 33) / 512][Stage 6:==>                                                    (27 + 31) / 512][Stage 6:====>                                                  (43 + 24) / 512][Stage 6:======>                                                (59 + 24) / 512][Stage 6:======>                                                (61 + 25) / 512][Stage 6:=======>                                               (68 + 24) / 512][Stage 6:=======>                                               (69 + 24) / 512][Stage 6:========>                                              (75 + 24) / 512][Stage 6:========>                                              (75 + 25) / 512][Stage 6:==========>                                            (96 + 24) / 512][Stage 6:==========>                                           (101 + 24) / 512][Stage 6:==========>                                           (102 + 26) / 512][Stage 6:============>                                         (121 + 24) / 512][Stage 6:=============>                                        (126 + 25) / 512][Stage 6:=============>                                        (128 + 26) / 512][Stage 6:===============>                                      (143 + 24) / 512][Stage 6:===============>                                      (151 + 27) / 512]21/07/25 00:51:51 WARN Executor: Issue communicating with driver in heartbeater
org.apache.spark.rpc.RpcTimeoutException: Futures timed out after [10000 milliseconds]. This timeout is controlled by spark.executor.heartbeatInterval
	at org.apache.spark.rpc.RpcTimeout.org$apache$spark$rpc$RpcTimeout$$createRpcTimeoutException(RpcTimeout.scala:47)
	at org.apache.spark.rpc.RpcTimeout$$anonfun$addMessageIfTimeout$1.applyOrElse(RpcTimeout.scala:62)
	at org.apache.spark.rpc.RpcTimeout$$anonfun$addMessageIfTimeout$1.applyOrElse(RpcTimeout.scala:58)
	at scala.runtime.AbstractPartialFunction.apply(AbstractPartialFunction.scala:36)
	at org.apache.spark.rpc.RpcTimeout.awaitResult(RpcTimeout.scala:76)
	at org.apache.spark.rpc.RpcEndpointRef.askSync(RpcEndpointRef.scala:92)
	at org.apache.spark.executor.Executor.org$apache$spark$executor$Executor$$reportHeartBeat(Executor.scala:841)
	at org.apache.spark.executor.Executor$$anon$2$$anonfun$run$1.apply$mcV$sp(Executor.scala:870)
	at org.apache.spark.executor.Executor$$anon$2$$anonfun$run$1.apply(Executor.scala:870)
	at org.apache.spark.executor.Executor$$anon$2$$anonfun$run$1.apply(Executor.scala:870)
	at org.apache.spark.util.Utils$.logUncaughtExceptions(Utils.scala:1945)
	at org.apache.spark.executor.Executor$$anon$2.run(Executor.scala:870)
	at java.util.concurrent.Executors$RunnableAdapter.call(Executors.java:511)
	at java.util.concurrent.FutureTask.runAndReset(FutureTask.java:308)
	at java.util.concurrent.ScheduledThreadPoolExecutor$ScheduledFutureTask.access$301(ScheduledThreadPoolExecutor.java:180)
	at java.util.concurrent.ScheduledThreadPoolExecutor$ScheduledFutureTask.run(ScheduledThreadPoolExecutor.java:294)
	at java.util.concurrent.ThreadPoolExecutor.runWorker(ThreadPoolExecutor.java:1142)
	at java.util.concurrent.ThreadPoolExecutor$Worker.run(ThreadPoolExecutor.java:617)
	at java.lang.Thread.run(Thread.java:745)
Caused by: java.util.concurrent.TimeoutException: Futures timed out after [10000 milliseconds]
	at scala.concurrent.impl.Promise$DefaultPromise.ready(Promise.scala:223)
	at scala.concurrent.impl.Promise$DefaultPromise.result(Promise.scala:227)
	at org.apache.spark.util.ThreadUtils$.awaitResult(ThreadUtils.scala:220)
	at org.apache.spark.rpc.RpcTimeout.awaitResult(RpcTimeout.scala:75)
	... 14 more
[Stage 6:================>                                     (155 + 25) / 512][Stage 6:=================>                                    (170 + 24) / 512][Stage 6:==================>                                   (179 + 25) / 512][Stage 6:==================>                                   (180 + 25) / 512][Stage 6:====================>                                 (194 + 24) / 512][Stage 6:====================>                                 (198 + 24) / 512][Stage 6:=====================>                                (208 + 24) / 512][Stage 6:======================>                               (215 + 25) / 512][Stage 6:======================>                               (216 + 25) / 512][Stage 6:=======================>                              (223 + 24) / 512][Stage 6:========================>                             (232 + 24) / 512]21/07/25 00:52:17 WARN Executor: Issue communicating with driver in heartbeater
org.apache.spark.rpc.RpcTimeoutException: Cannot receive any reply from node1134.oscar.ccv.brown.edu:36333 in 10000 milliseconds. This timeout is controlled by spark.executor.heartbeatInterval
	at org.apache.spark.rpc.RpcTimeout.org$apache$spark$rpc$RpcTimeout$$createRpcTimeoutException(RpcTimeout.scala:47)
	at org.apache.spark.rpc.RpcTimeout$$anonfun$addMessageIfTimeout$1.applyOrElse(RpcTimeout.scala:62)
	at org.apache.spark.rpc.RpcTimeout$$anonfun$addMessageIfTimeout$1.applyOrElse(RpcTimeout.scala:58)
	at scala.runtime.AbstractPartialFunction.apply(AbstractPartialFunction.scala:36)
	at scala.util.Failure$$anonfun$recover$1.apply(Try.scala:216)
	at scala.util.Try$.apply(Try.scala:192)
	at scala.util.Failure.recover(Try.scala:216)
	at scala.concurrent.Future$$anonfun$recover$1.apply(Future.scala:326)
	at scala.concurrent.Future$$anonfun$recover$1.apply(Future.scala:326)
	at scala.concurrent.impl.CallbackRunnable.run(Promise.scala:36)
	at org.spark_project.guava.util.concurrent.MoreExecutors$SameThreadExecutorService.execute(MoreExecutors.java:293)
	at scala.concurrent.impl.ExecutionContextImpl$$anon$1.execute(ExecutionContextImpl.scala:136)
	at scala.concurrent.impl.CallbackRunnable.executeWithValue(Promise.scala:44)
	at scala.concurrent.impl.Promise$DefaultPromise.tryComplete(Promise.scala:252)
	at scala.concurrent.Promise$class.complete(Promise.scala:55)
	at scala.concurrent.impl.Promise$DefaultPromise.complete(Promise.scala:157)
	at scala.concurrent.Future$$anonfun$map$1.apply(Future.scala:237)
	at scala.concurrent.Future$$anonfun$map$1.apply(Future.scala:237)
	at scala.concurrent.impl.CallbackRunnable.run(Promise.scala:36)
	at scala.concurrent.BatchingExecutor$Batch$$anonfun$run$1.processBatch$1(BatchingExecutor.scala:63)
	at scala.concurrent.BatchingExecutor$Batch$$anonfun$run$1.apply$mcV$sp(BatchingExecutor.scala:78)
	at scala.concurrent.BatchingExecutor$Batch$$anonfun$run$1.apply(BatchingExecutor.scala:55)
	at scala.concurrent.BatchingExecutor$Batch$$anonfun$run$1.apply(BatchingExecutor.scala:55)
	at scala.concurrent.BlockContext$.withBlockContext(BlockContext.scala:72)
	at scala.concurrent.BatchingExecutor$Batch.run(BatchingExecutor.scala:54)
	at scala.concurrent.Future$InternalCallbackExecutor$.unbatchedExecute(Future.scala:601)
	at scala.concurrent.BatchingExecutor$class.execute(BatchingExecutor.scala:106)
	at scala.concurrent.Future$InternalCallbackExecutor$.execute(Future.scala:599)
	at scala.concurrent.impl.CallbackRunnable.executeWithValue(Promise.scala:44)
	at scala.concurrent.impl.Promise$DefaultPromise.tryComplete(Promise.scala:252)
	at scala.concurrent.Promise$class.tryFailure(Promise.scala:112)
	at scala.concurrent.impl.Promise$DefaultPromise.tryFailure(Promise.scala:157)
	at org.apache.spark.rpc.netty.NettyRpcEnv.org$apache$spark$rpc$netty$NettyRpcEnv$$onFailure$1(NettyRpcEnv.scala:206)
	at org.apache.spark.rpc.netty.NettyRpcEnv$$anon$1.run(NettyRpcEnv.scala:243)
	at java.util.concurrent.Executors$RunnableAdapter.call(Executors.java:511)
	at java.util.concurrent.FutureTask.run(FutureTask.java:266)
	at java.util.concurrent.ScheduledThreadPoolExecutor$ScheduledFutureTask.access$201(ScheduledThreadPoolExecutor.java:180)
	at java.util.concurrent.ScheduledThreadPoolExecutor$ScheduledFutureTask.run(ScheduledThreadPoolExecutor.java:293)
	at java.util.concurrent.ThreadPoolExecutor.runWorker(ThreadPoolExecutor.java:1142)
	at java.util.concurrent.ThreadPoolExecutor$Worker.run(ThreadPoolExecutor.java:617)
	at java.lang.Thread.run(Thread.java:745)
Caused by: java.util.concurrent.TimeoutException: Cannot receive any reply from node1134.oscar.ccv.brown.edu:36333 in 10000 milliseconds
	... 8 more
[Stage 6:========================>                             (235 + 26) / 512][Stage 6:========================>                             (237 + 25) / 512][Stage 6:===========================>                          (257 + 24) / 512][Stage 6:===========================>                          (260 + 24) / 512][Stage 6:===========================>                          (264 + 27) / 512]21/07/25 00:52:30 WARN Executor: Issue communicating with driver in heartbeater
org.apache.spark.rpc.RpcTimeoutException: Futures timed out after [10000 milliseconds]. This timeout is controlled by spark.executor.heartbeatInterval
	at org.apache.spark.rpc.RpcTimeout.org$apache$spark$rpc$RpcTimeout$$createRpcTimeoutException(RpcTimeout.scala:47)
	at org.apache.spark.rpc.RpcTimeout$$anonfun$addMessageIfTimeout$1.applyOrElse(RpcTimeout.scala:62)
	at org.apache.spark.rpc.RpcTimeout$$anonfun$addMessageIfTimeout$1.applyOrElse(RpcTimeout.scala:58)
	at scala.runtime.AbstractPartialFunction.apply(AbstractPartialFunction.scala:36)
	at org.apache.spark.rpc.RpcTimeout.awaitResult(RpcTimeout.scala:76)
	at org.apache.spark.rpc.RpcEndpointRef.askSync(RpcEndpointRef.scala:92)
	at org.apache.spark.executor.Executor.org$apache$spark$executor$Executor$$reportHeartBeat(Executor.scala:841)
	at org.apache.spark.executor.Executor$$anon$2$$anonfun$run$1.apply$mcV$sp(Executor.scala:870)
	at org.apache.spark.executor.Executor$$anon$2$$anonfun$run$1.apply(Executor.scala:870)
	at org.apache.spark.executor.Executor$$anon$2$$anonfun$run$1.apply(Executor.scala:870)
	at org.apache.spark.util.Utils$.logUncaughtExceptions(Utils.scala:1945)
	at org.apache.spark.executor.Executor$$anon$2.run(Executor.scala:870)
	at java.util.concurrent.Executors$RunnableAdapter.call(Executors.java:511)
	at java.util.concurrent.FutureTask.runAndReset(FutureTask.java:308)
	at java.util.concurrent.ScheduledThreadPoolExecutor$ScheduledFutureTask.access$301(ScheduledThreadPoolExecutor.java:180)
	at java.util.concurrent.ScheduledThreadPoolExecutor$ScheduledFutureTask.run(ScheduledThreadPoolExecutor.java:294)
	at java.util.concurrent.ThreadPoolExecutor.runWorker(ThreadPoolExecutor.java:1142)
	at java.util.concurrent.ThreadPoolExecutor$Worker.run(ThreadPoolExecutor.java:617)
	at java.lang.Thread.run(Thread.java:745)
Caused by: java.util.concurrent.TimeoutException: Futures timed out after [10000 milliseconds]
	at scala.concurrent.impl.Promise$DefaultPromise.ready(Promise.scala:223)
	at scala.concurrent.impl.Promise$DefaultPromise.result(Promise.scala:227)
	at org.apache.spark.util.ThreadUtils$.awaitResult(ThreadUtils.scala:220)
	at org.apache.spark.rpc.RpcTimeout.awaitResult(RpcTimeout.scala:75)
	... 14 more
[Stage 6:============================>                         (272 + 24) / 512][Stage 6:=============================>                        (282 + 24) / 512][Stage 6:=============================>                        (283 + 27) / 512][Stage 6:===============================>                      (295 + 24) / 512][Stage 6:================================>                     (304 + 24) / 512][Stage 6:================================>                     (306 + 25) / 512][Stage 6:================================>                     (307 + 25) / 512][Stage 6:==================================>                   (325 + 24) / 512][Stage 6:==================================>                   (329 + 26) / 512][Stage 6:===================================>                  (334 + 24) / 512][Stage 6:====================================>                 (345 + 24) / 512][Stage 6:=====================================>                (354 + 24) / 512]21/07/25 00:52:42 WARN Executor: Issue communicating with driver in heartbeater
org.apache.spark.rpc.RpcTimeoutException: Futures timed out after [10000 milliseconds]. This timeout is controlled by spark.executor.heartbeatInterval
	at org.apache.spark.rpc.RpcTimeout.org$apache$spark$rpc$RpcTimeout$$createRpcTimeoutException(RpcTimeout.scala:47)
	at org.apache.spark.rpc.RpcTimeout$$anonfun$addMessageIfTimeout$1.applyOrElse(RpcTimeout.scala:62)
	at org.apache.spark.rpc.RpcTimeout$$anonfun$addMessageIfTimeout$1.applyOrElse(RpcTimeout.scala:58)
	at scala.runtime.AbstractPartialFunction.apply(AbstractPartialFunction.scala:36)
	at org.apache.spark.rpc.RpcTimeout.awaitResult(RpcTimeout.scala:76)
	at org.apache.spark.rpc.RpcEndpointRef.askSync(RpcEndpointRef.scala:92)
	at org.apache.spark.executor.Executor.org$apache$spark$executor$Executor$$reportHeartBeat(Executor.scala:841)
	at org.apache.spark.executor.Executor$$anon$2$$anonfun$run$1.apply$mcV$sp(Executor.scala:870)
	at org.apache.spark.executor.Executor$$anon$2$$anonfun$run$1.apply(Executor.scala:870)
	at org.apache.spark.executor.Executor$$anon$2$$anonfun$run$1.apply(Executor.scala:870)
	at org.apache.spark.util.Utils$.logUncaughtExceptions(Utils.scala:1945)
	at org.apache.spark.executor.Executor$$anon$2.run(Executor.scala:870)
	at java.util.concurrent.Executors$RunnableAdapter.call(Executors.java:511)
	at java.util.concurrent.FutureTask.runAndReset(FutureTask.java:308)
	at java.util.concurrent.ScheduledThreadPoolExecutor$ScheduledFutureTask.access$301(ScheduledThreadPoolExecutor.java:180)
	at java.util.concurrent.ScheduledThreadPoolExecutor$ScheduledFutureTask.run(ScheduledThreadPoolExecutor.java:294)
	at java.util.concurrent.ThreadPoolExecutor.runWorker(ThreadPoolExecutor.java:1142)
	at java.util.concurrent.ThreadPoolExecutor$Worker.run(ThreadPoolExecutor.java:617)
	at java.lang.Thread.run(Thread.java:745)
Caused by: java.util.concurrent.TimeoutException: Futures timed out after [10000 milliseconds]
	at scala.concurrent.impl.Promise$DefaultPromise.ready(Promise.scala:223)
	at scala.concurrent.impl.Promise$DefaultPromise.result(Promise.scala:227)
	at org.apache.spark.util.ThreadUtils$.awaitResult(ThreadUtils.scala:220)
	at org.apache.spark.rpc.RpcTimeout.awaitResult(RpcTimeout.scala:75)
	... 14 more
21/07/25 00:52:59 WARN NettyRpcEnv: Ignored message: HeartbeatResponse(false)
[Stage 6:=====================================>                (356 + 25) / 512]21/07/25 00:53:05 WARN NettyRpcEnv: Ignored message: HeartbeatResponse(false)
21/07/25 00:53:05 WARN NettyRpcEnv: Ignored message: HeartbeatResponse(false)
21/07/25 00:53:06 WARN NettyRpcEnv: Ignored message: HeartbeatResponse(false)
[Stage 6:=======================================>              (373 + 24) / 512][Stage 6:========================================>             (382 + 26) / 512][Stage 6:========================================>             (386 + 24) / 512][Stage 6:========================================>             (388 + 25) / 512][Stage 6:===========================================>          (413 + 24) / 512][Stage 6:============================================>         (418 + 24) / 512][Stage 6:==============================================>       (439 + 24) / 512][Stage 6:==============================================>       (444 + 24) / 512][Stage 6:==============================================>       (445 + 26) / 512][Stage 6:===============================================>      (446 + 25) / 512][Stage 6:===============================================>      (448 + 25) / 512][Stage 6:=================================================>    (472 + 24) / 512][Stage 6:==================================================>   (477 + 26) / 512][Stage 6:==================================================>   (478 + 25) / 512][Stage 6:==================================================>   (479 + 26) / 512][Stage 6:====================================================> (496 + 16) / 512][Stage 6:======================================================>(508 + 4) / 512]                                                                                Total searched: 0
Trying cluster: A2029_merge_001111_
21/07/25 00:59:56 WARN TaskSetManager: Stage 0 contains a task of very large size (230 KB). The maximum recommended task size is 100 KB.
[Stage 0:>                                                       (0 + 24) / 512][Stage 0:=>                                                     (18 + 24) / 512][Stage 0:==>                                                    (24 + 25) / 512][Stage 0:=======>                                               (73 + 25) / 512][Stage 0:=========>                                             (93 + 24) / 512][Stage 0:==========>                                           (104 + 25) / 512][Stage 0:===========>                                          (108 + 26) / 512][Stage 0:=============>                                        (127 + 25) / 512][Stage 0:==============>                                       (142 + 25) / 512][Stage 0:================>                                     (155 + 24) / 512][Stage 0:=================>                                    (165 + 26) / 512][Stage 0:=================>                                    (168 + 29) / 512][Stage 0:=================>                                    (169 + 28) / 512]21/07/25 01:00:39 WARN Executor: Issue communicating with driver in heartbeater
org.apache.spark.rpc.RpcTimeoutException: Futures timed out after [10000 milliseconds]. This timeout is controlled by spark.executor.heartbeatInterval
	at org.apache.spark.rpc.RpcTimeout.org$apache$spark$rpc$RpcTimeout$$createRpcTimeoutException(RpcTimeout.scala:47)
	at org.apache.spark.rpc.RpcTimeout$$anonfun$addMessageIfTimeout$1.applyOrElse(RpcTimeout.scala:62)
	at org.apache.spark.rpc.RpcTimeout$$anonfun$addMessageIfTimeout$1.applyOrElse(RpcTimeout.scala:58)
	at scala.runtime.AbstractPartialFunction.apply(AbstractPartialFunction.scala:36)
	at org.apache.spark.rpc.RpcTimeout.awaitResult(RpcTimeout.scala:76)
	at org.apache.spark.rpc.RpcEndpointRef.askSync(RpcEndpointRef.scala:92)
	at org.apache.spark.executor.Executor.org$apache$spark$executor$Executor$$reportHeartBeat(Executor.scala:841)
	at org.apache.spark.executor.Executor$$anon$2$$anonfun$run$1.apply$mcV$sp(Executor.scala:870)
	at org.apache.spark.executor.Executor$$anon$2$$anonfun$run$1.apply(Executor.scala:870)
	at org.apache.spark.executor.Executor$$anon$2$$anonfun$run$1.apply(Executor.scala:870)
	at org.apache.spark.util.Utils$.logUncaughtExceptions(Utils.scala:1945)
	at org.apache.spark.executor.Executor$$anon$2.run(Executor.scala:870)
	at java.util.concurrent.Executors$RunnableAdapter.call(Executors.java:511)
	at java.util.concurrent.FutureTask.runAndReset(FutureTask.java:308)
	at java.util.concurrent.ScheduledThreadPoolExecutor$ScheduledFutureTask.access$301(ScheduledThreadPoolExecutor.java:180)
	at java.util.concurrent.ScheduledThreadPoolExecutor$ScheduledFutureTask.run(ScheduledThreadPoolExecutor.java:294)
	at java.util.concurrent.ThreadPoolExecutor.runWorker(ThreadPoolExecutor.java:1142)
	at java.util.concurrent.ThreadPoolExecutor$Worker.run(ThreadPoolExecutor.java:617)
	at java.lang.Thread.run(Thread.java:745)
Caused by: java.util.concurrent.TimeoutException: Futures timed out after [10000 milliseconds]
	at scala.concurrent.impl.Promise$DefaultPromise.ready(Promise.scala:223)
	at scala.concurrent.impl.Promise$DefaultPromise.result(Promise.scala:227)
	at org.apache.spark.util.ThreadUtils$.awaitResult(ThreadUtils.scala:220)
	at org.apache.spark.rpc.RpcTimeout.awaitResult(RpcTimeout.scala:75)
	... 14 more
[Stage 0:=================>                                    (170 + 27) / 512]21/07/25 01:00:41 WARN NettyRpcEnv: Ignored message: HeartbeatResponse(false)
[Stage 0:==================>                                   (171 + 26) / 512]Exception in thread "dispatcher-event-loop-1" java.lang.OutOfMemoryError: GC overhead limit exceeded
	at java.lang.Class.getDeclaredFields0(Native Method)
	at java.lang.Class.privateGetDeclaredFields(Class.java:2583)
	at java.lang.Class.getDeclaredField(Class.java:2068)
	at java.io.ObjectStreamClass.getDeclaredSUID(ObjectStreamClass.java:1703)
	at java.io.ObjectStreamClass.access$700(ObjectStreamClass.java:72)
	at java.io.ObjectStreamClass$2.run(ObjectStreamClass.java:484)
	at java.io.ObjectStreamClass$2.run(ObjectStreamClass.java:472)
	at java.security.AccessController.doPrivileged(Native Method)
	at java.io.ObjectStreamClass.<init>(ObjectStreamClass.java:472)
	at java.io.ObjectStreamClass.lookup(ObjectStreamClass.java:369)
	at java.io.ObjectOutputStream.writeObject0(ObjectOutputStream.java:1134)
	at java.io.ObjectOutputStream.defaultWriteFields(ObjectOutputStream.java:1548)
	at java.io.ObjectOutputStream.writeSerialData(ObjectOutputStream.java:1509)
	at java.io.ObjectOutputStream.writeOrdinaryObject(ObjectOutputStream.java:1432)
	at java.io.ObjectOutputStream.writeObject0(ObjectOutputStream.java:1178)
	at java.io.ObjectOutputStream.writeObject(ObjectOutputStream.java:348)
	at org.apache.spark.serializer.JavaSerializationStream.writeObject(JavaSerializer.scala:43)
	at org.apache.spark.serializer.JavaSerializerInstance.serialize(JavaSerializer.scala:100)
	at org.apache.spark.scheduler.TaskSetManager$$anonfun$resourceOffer$1.apply(TaskSetManager.scala:486)
	at org.apache.spark.scheduler.TaskSetManager$$anonfun$resourceOffer$1.apply(TaskSetManager.scala:467)
	at scala.Option.map(Option.scala:146)
	at org.apache.spark.scheduler.TaskSetManager.resourceOffer(TaskSetManager.scala:467)
	at org.apache.spark.scheduler.TaskSchedulerImpl$$anonfun$org$apache$spark$scheduler$TaskSchedulerImpl$$resourceOfferSingleTaskSet$1.apply$mcVI$sp(TaskSchedulerImpl.scala:326)
	at scala.collection.immutable.Range.foreach$mVc$sp(Range.scala:160)
	at org.apache.spark.scheduler.TaskSchedulerImpl.org$apache$spark$scheduler$TaskSchedulerImpl$$resourceOfferSingleTaskSet(TaskSchedulerImpl.scala:321)
	at org.apache.spark.scheduler.TaskSchedulerImpl$$anonfun$resourceOffers$4$$anonfun$apply$12.apply(TaskSchedulerImpl.scala:423)
	at org.apache.spark.scheduler.TaskSchedulerImpl$$anonfun$resourceOffers$4$$anonfun$apply$12.apply(TaskSchedulerImpl.scala:420)
	at scala.collection.IndexedSeqOptimized$class.foreach(IndexedSeqOptimized.scala:33)
	at scala.collection.mutable.ArrayOps$ofRef.foreach(ArrayOps.scala:186)
	at org.apache.spark.scheduler.TaskSchedulerImpl$$anonfun$resourceOffers$4.apply(TaskSchedulerImpl.scala:420)
	at org.apache.spark.scheduler.TaskSchedulerImpl$$anonfun$resourceOffers$4.apply(TaskSchedulerImpl.scala:407)
	at scala.collection.mutable.ResizableArray$class.foreach(ResizableArray.scala:59)
Exception in thread "Executor task launch worker for task 203" java.lang.OutOfMemoryError: GC overhead limit exceeded
21/07/25 01:00:55 ERROR Executor: Exception in task 179.0 in stage 0.0 (TID 179)
java.lang.OutOfMemoryError: GC overhead limit exceeded
	at org.apache.spark.api.python.PythonRunner$$anon$1.read(PythonRunner.scala:584)
	at org.apache.spark.api.python.PythonRunner$$anon$1.read(PythonRunner.scala:575)
	at org.apache.spark.api.python.BasePythonRunner$ReaderIterator.hasNext(PythonRunner.scala:410)
	at org.apache.spark.InterruptibleIterator.hasNext(InterruptibleIterator.scala:37)
	at scala.collection.Iterator$class.foreach(Iterator.scala:891)
	at org.apache.spark.InterruptibleIterator.foreach(InterruptibleIterator.scala:28)
	at scala.collection.generic.Growable$class.$plus$plus$eq(Growable.scala:59)
	at scala.collection.mutable.ArrayBuffer.$plus$plus$eq(ArrayBuffer.scala:104)
	at scala.collection.mutable.ArrayBuffer.$plus$plus$eq(ArrayBuffer.scala:48)
	at scala.collection.TraversableOnce$class.to(TraversableOnce.scala:310)
	at org.apache.spark.InterruptibleIterator.to(InterruptibleIterator.scala:28)
	at scala.collection.TraversableOnce$class.toBuffer(TraversableOnce.scala:302)
	at org.apache.spark.InterruptibleIterator.toBuffer(InterruptibleIterator.scala:28)
	at scala.collection.TraversableOnce$class.toArray(TraversableOnce.scala:289)
	at org.apache.spark.InterruptibleIterator.toArray(InterruptibleIterator.scala:28)
	at org.apache.spark.rdd.RDD$$anonfun$collect$1$$anonfun$13.apply(RDD.scala:945)
	at org.apache.spark.rdd.RDD$$anonfun$collect$1$$anonfun$13.apply(RDD.scala:945)
	at org.apache.spark.SparkContext$$anonfun$runJob$5.apply(SparkContext.scala:2101)
	at org.apache.spark.SparkContext$$anonfun$runJob$5.apply(SparkContext.scala:2101)
	at org.apache.spark.scheduler.ResultTask.runTask(ResultTask.scala:90)
	at org.apache.spark.scheduler.Task.run(Task.scala:123)
	at org.apache.spark.executor.Executor$TaskRunner$$anonfun$10.apply(Executor.scala:408)
	at org.apache.spark.util.Utils$.tryWithSafeFinally(Utils.scala:1360)
	at org.apache.spark.executor.Executor$TaskRunner.run(Executor.scala:414)
	at java.util.concurrent.ThreadPoolExecutor.runWorker(ThreadPoolExecutor.java:1142)
	at java.util.concurrent.ThreadPoolExecutor$Worker.run(ThreadPoolExecutor.java:617)
	at java.lang.Thread.run(Thread.java:745)
21/07/25 01:01:15 ERROR Executor: Exception in task 186.0 in stage 0.0 (TID 186)
java.lang.OutOfMemoryError: Java heap space
	at java.util.Arrays.copyOf(Arrays.java:3236)
	at java.io.ByteArrayOutputStream.grow(ByteArrayOutputStream.java:118)
	at java.io.ByteArrayOutputStream.ensureCapacity(ByteArrayOutputStream.java:93)
	at java.io.ByteArrayOutputStream.write(ByteArrayOutputStream.java:153)
	at org.apache.spark.util.ByteBufferOutputStream.write(ByteBufferOutputStream.scala:41)
	at java.io.ObjectOutputStream$BlockDataOutputStream.drain(ObjectOutputStream.java:1877)
	at java.io.ObjectOutputStream$BlockDataOutputStream.write(ObjectOutputStream.java:1848)
	at java.io.ObjectOutputStream.writeArray(ObjectOutputStream.java:1334)
	at java.io.ObjectOutputStream.writeObject0(ObjectOutputStream.java:1174)
	at java.io.ObjectOutputStream.writeArray(ObjectOutputStream.java:1378)
	at java.io.ObjectOutputStream.writeObject0(ObjectOutputStream.java:1174)
	at java.io.ObjectOutputStream.writeObject(ObjectOutputStream.java:348)
	at org.apache.spark.serializer.JavaSerializationStream.writeObject(JavaSerializer.scala:43)
	at org.apache.spark.serializer.JavaSerializerInstance.serialize(JavaSerializer.scala:100)
	at org.apache.spark.executor.Executor$TaskRunner.run(Executor.scala:456)
	at java.util.concurrent.ThreadPoolExecutor.runWorker(ThreadPoolExecutor.java:1142)
	at java.util.concurrent.ThreadPoolExecutor$Worker.run(ThreadPoolExecutor.java:617)
	at java.lang.Thread.run(Thread.java:745)
21/07/25 01:01:13 ERROR Executor: Exception in task 178.0 in stage 0.0 (TID 178)
java.lang.OutOfMemoryError: GC overhead limit exceeded
	at java.util.Arrays.copyOf(Arrays.java:3236)
	at java.io.ByteArrayOutputStream.grow(ByteArrayOutputStream.java:118)
	at java.io.ByteArrayOutputStream.ensureCapacity(ByteArrayOutputStream.java:93)
	at java.io.ByteArrayOutputStream.write(ByteArrayOutputStream.java:153)
	at org.apache.spark.util.ByteBufferOutputStream.write(ByteBufferOutputStream.scala:41)
	at java.io.ObjectOutputStream$BlockDataOutputStream.drain(ObjectOutputStream.java:1877)
	at java.io.ObjectOutputStream$BlockDataOutputStream.write(ObjectOutputStream.java:1848)
	at java.io.ObjectOutputStream.writeArray(ObjectOutputStream.java:1334)
	at java.io.ObjectOutputStream.writeObject0(ObjectOutputStream.java:1174)
	at java.io.ObjectOutputStream.writeArray(ObjectOutputStream.java:1378)
	at java.io.ObjectOutputStream.writeObject0(ObjectOutputStream.java:1174)
	at java.io.ObjectOutputStream.writeObject(ObjectOutputStream.java:348)
	at org.apache.spark.serializer.JavaSerializationStream.writeObject(JavaSerializer.scala:43)
	at org.apache.spark.serializer.JavaSerializerInstance.serialize(JavaSerializer.scala:100)
	at org.apache.spark.executor.Executor$TaskRunner.run(Executor.scala:456)
	at java.util.concurrent.ThreadPoolExecutor.runWorker(ThreadPoolExecutor.java:1142)
	at java.util.concurrent.ThreadPoolExecutor$Worker.run(ThreadPoolExecutor.java:617)
	at java.lang.Thread.run(Thread.java:745)
21/07/25 01:01:13 ERROR Executor: Exception in task 190.0 in stage 0.0 (TID 190)
java.lang.OutOfMemoryError: GC overhead limit exceeded
21/07/25 01:01:11 ERROR Executor: Exception in task 195.0 in stage 0.0 (TID 195)
java.lang.OutOfMemoryError: GC overhead limit exceeded
21/07/25 01:01:08 ERROR Executor: Exception in task 183.0 in stage 0.0 (TID 183)
java.lang.OutOfMemoryError: GC overhead limit exceeded
21/07/25 01:01:07 ERROR Executor: Exception in task 189.0 in stage 0.0 (TID 189)
java.lang.OutOfMemoryError: Java heap space
21/07/25 01:01:07 ERROR Executor: Exception in task 196.0 in stage 0.0 (TID 196)
java.lang.OutOfMemoryError: GC overhead limit exceeded
21/07/25 01:01:07 ERROR Utils: Uncaught exception in thread stdout writer for python
java.lang.OutOfMemoryError: GC overhead limit exceeded
Exception in thread "stdout writer for python" java.lang.OutOfMemoryError: GC overhead limit exceeded
[Stage 0:==================>                                   (172 + 25) / 512]21/07/25 01:01:01 ERROR Executor: Exception in task 184.0 in stage 0.0 (TID 184)
java.lang.OutOfMemoryError: Java heap space
21/07/25 01:01:33 ERROR Executor: Exception in task 200.0 in stage 0.0 (TID 200)
java.lang.OutOfMemoryError: GC overhead limit exceeded
21/07/25 01:01:28 ERROR Executor: Exception in task 204.0 in stage 0.0 (TID 204)
java.lang.OutOfMemoryError: GC overhead limit exceeded
21/07/25 01:01:27 ERROR Executor: Exception in task 205.0 in stage 0.0 (TID 205)
java.lang.OutOfMemoryError: GC overhead limit exceeded
[Stage 0:==================>                                   (180 + 29) / 512]21/07/25 01:01:26 ERROR Executor: Exception in task 206.0 in stage 0.0 (TID 206)
java.lang.OutOfMemoryError: GC overhead limit exceeded
21/07/25 01:01:18 ERROR Utils: Uncaught exception in thread task-result-getter-3
java.lang.OutOfMemoryError: GC overhead limit exceeded
21/07/25 01:01:47 ERROR SparkUncaughtExceptionHandler: Uncaught exception in thread Thread[Executor task launch worker for task 178,5,main]
java.lang.OutOfMemoryError: GC overhead limit exceeded
	at java.util.Arrays.copyOf(Arrays.java:3236)
	at java.io.ByteArrayOutputStream.grow(ByteArrayOutputStream.java:118)
	at java.io.ByteArrayOutputStream.ensureCapacity(ByteArrayOutputStream.java:93)
	at java.io.ByteArrayOutputStream.write(ByteArrayOutputStream.java:153)
	at org.apache.spark.util.ByteBufferOutputStream.write(ByteBufferOutputStream.scala:41)
	at java.io.ObjectOutputStream$BlockDataOutputStream.drain(ObjectOutputStream.java:1877)
	at java.io.ObjectOutputStream$BlockDataOutputStream.write(ObjectOutputStream.java:1848)
	at java.io.ObjectOutputStream.writeArray(ObjectOutputStream.java:1334)
	at java.io.ObjectOutputStream.writeObject0(ObjectOutputStream.java:1174)
	at java.io.ObjectOutputStream.writeArray(ObjectOutputStream.java:1378)
	at java.io.ObjectOutputStream.writeObject0(ObjectOutputStream.java:1174)
	at java.io.ObjectOutputStream.writeObject(ObjectOutputStream.java:348)
	at org.apache.spark.serializer.JavaSerializationStream.writeObject(JavaSerializer.scala:43)
	at org.apache.spark.serializer.JavaSerializerInstance.serialize(JavaSerializer.scala:100)
	at org.apache.spark.executor.Executor$TaskRunner.run(Executor.scala:456)
	at java.util.concurrent.ThreadPoolExecutor.runWorker(ThreadPoolExecutor.java:1142)
	at java.util.concurrent.ThreadPoolExecutor$Worker.run(ThreadPoolExecutor.java:617)
	at java.lang.Thread.run(Thread.java:745)
Exception in thread "task-result-getter-3" java.lang.OutOfMemoryError: GC overhead limit exceeded
21/07/25 01:01:47 ERROR SparkUncaughtExceptionHandler: Uncaught exception in thread Thread[Executor task launch worker for task 200,5,main]
java.lang.OutOfMemoryError: GC overhead limit exceeded
21/07/25 01:01:47 ERROR SparkUncaughtExceptionHandler: Uncaught exception in thread Thread[Executor task launch worker for task 186,5,main]
java.lang.OutOfMemoryError: Java heap space
	at java.util.Arrays.copyOf(Arrays.java:3236)
	at java.io.ByteArrayOutputStream.grow(ByteArrayOutputStream.java:118)
	at java.io.ByteArrayOutputStream.ensureCapacity(ByteArrayOutputStream.java:93)
	at java.io.ByteArrayOutputStream.write(ByteArrayOutputStream.java:153)
	at org.apache.spark.util.ByteBufferOutputStream.write(ByteBufferOutputStream.scala:41)
	at java.io.ObjectOutputStream$BlockDataOutputStream.drain(ObjectOutputStream.java:1877)
	at java.io.ObjectOutputStream$BlockDataOutputStream.write(ObjectOutputStream.java:1848)
	at java.io.ObjectOutputStream.writeArray(ObjectOutputStream.java:1334)
	at java.io.ObjectOutputStream.writeObject0(ObjectOutputStream.java:1174)
	at java.io.ObjectOutputStream.writeArray(ObjectOutputStream.java:1378)
	at java.io.ObjectOutputStream.writeObject0(ObjectOutputStream.java:1174)
	at java.io.ObjectOutputStream.writeObject(ObjectOutputStream.java:348)
	at org.apache.spark.serializer.JavaSerializationStream.writeObject(JavaSerializer.scala:43)
	at org.apache.spark.serializer.JavaSerializerInstance.serialize(JavaSerializer.scala:100)
	at org.apache.spark.executor.Executor$TaskRunner.run(Executor.scala:456)
	at java.util.concurrent.ThreadPoolExecutor.runWorker(ThreadPoolExecutor.java:1142)
	at java.util.concurrent.ThreadPoolExecutor$Worker.run(ThreadPoolExecutor.java:617)
	at java.lang.Thread.run(Thread.java:745)
21/07/25 01:01:48 ERROR SparkUncaughtExceptionHandler: [Container in shutdown] Uncaught exception in thread Thread[Executor task launch worker for task 205,5,main]
java.lang.OutOfMemoryError: GC overhead limit exceeded
21/07/25 01:01:47 ERROR SparkUncaughtExceptionHandler: [Container in shutdown] Uncaught exception in thread Thread[Executor task launch worker for task 206,5,main]
java.lang.OutOfMemoryError: GC overhead limit exceeded
21/07/25 01:01:47 ERROR SparkUncaughtExceptionHandler: Uncaught exception in thread Thread[Executor task launch worker for task 184,5,main]
java.lang.OutOfMemoryError: Java heap space
[Stage 0:===================>                                  (185 + 24) / 512]21/07/25 01:01:47 ERROR SparkUncaughtExceptionHandler: Uncaught exception in thread Thread[Executor task launch worker for task 190,5,main]
java.lang.OutOfMemoryError: GC overhead limit exceeded
21/07/25 01:01:47 ERROR SparkUncaughtExceptionHandler: Uncaught exception in thread Thread[Executor task launch worker for task 204,5,main]
java.lang.OutOfMemoryError: GC overhead limit exceeded
21/07/25 01:01:47 ERROR SparkUncaughtExceptionHandler: Uncaught exception in thread Thread[Executor task launch worker for task 195,5,main]
java.lang.OutOfMemoryError: GC overhead limit exceeded
21/07/25 01:01:47 ERROR SparkUncaughtExceptionHandler: Uncaught exception in thread Thread[Executor task launch worker for task 183,5,main]
java.lang.OutOfMemoryError: GC overhead limit exceeded
21/07/25 01:01:47 ERROR SparkUncaughtExceptionHandler: Uncaught exception in thread Thread[Executor task launch worker for task 179,5,main]
java.lang.OutOfMemoryError: GC overhead limit exceeded
	at org.apache.spark.api.python.PythonRunner$$anon$1.read(PythonRunner.scala:584)
	at org.apache.spark.api.python.PythonRunner$$anon$1.read(PythonRunner.scala:575)
	at org.apache.spark.api.python.BasePythonRunner$ReaderIterator.hasNext(PythonRunner.scala:410)
	at org.apache.spark.InterruptibleIterator.hasNext(InterruptibleIterator.scala:37)
	at scala.collection.Iterator$class.foreach(Iterator.scala:891)
	at org.apache.spark.InterruptibleIterator.foreach(InterruptibleIterator.scala:28)
	at scala.collection.generic.Growable$class.$plus$plus$eq(Growable.scala:59)
	at scala.collection.mutable.ArrayBuffer.$plus$plus$eq(ArrayBuffer.scala:104)
	at scala.collection.mutable.ArrayBuffer.$plus$plus$eq(ArrayBuffer.scala:48)
	at scala.collection.TraversableOnce$class.to(TraversableOnce.scala:310)
	at org.apache.spark.InterruptibleIterator.to(InterruptibleIterator.scala:28)
	at scala.collection.TraversableOnce$class.toBuffer(TraversableOnce.scala:302)
	at org.apache.spark.InterruptibleIterator.toBuffer(InterruptibleIterator.scala:28)
	at scala.collection.TraversableOnce$class.toArray(TraversableOnce.scala:289)
	at org.apache.spark.InterruptibleIterator.toArray(InterruptibleIterator.scala:28)
	at org.apache.spark.rdd.RDD$$anonfun$collect$1$$anonfun$13.apply(RDD.scala:945)
	at org.apache.spark.rdd.RDD$$anonfun$collect$1$$anonfun$13.apply(RDD.scala:945)
	at org.apache.spark.SparkContext$$anonfun$runJob$5.apply(SparkContext.scala:2101)
	at org.apache.spark.SparkContext$$anonfun$runJob$5.apply(SparkContext.scala:2101)
	at org.apache.spark.scheduler.ResultTask.runTask(ResultTask.scala:90)
	at org.apache.spark.scheduler.Task.run(Task.scala:123)
	at org.apache.spark.executor.Executor$TaskRunner$$anonfun$10.apply(Executor.scala:408)
	at org.apache.spark.util.Utils$.tryWithSafeFinally(Utils.scala:1360)
	at org.apache.spark.executor.Executor$TaskRunner.run(Executor.scala:414)
	at java.util.concurrent.ThreadPoolExecutor.runWorker(ThreadPoolExecutor.java:1142)
	at java.util.concurrent.ThreadPoolExecutor$Worker.run(ThreadPoolExecutor.java:617)
	at java.lang.Thread.run(Thread.java:745)
21/07/25 01:01:47 ERROR SparkUncaughtExceptionHandler: Uncaught exception in thread Thread[Executor task launch worker for task 189,5,main]
java.lang.OutOfMemoryError: Java heap space
21/07/25 01:01:47 ERROR SparkUncaughtExceptionHandler: Uncaught exception in thread Thread[Executor task launch worker for task 196,5,main]
java.lang.OutOfMemoryError: GC overhead limit exceeded
Could not process files:  A2029_merge_001111_
Error:  An error occurred while calling z:org.apache.spark.api.python.PythonRDD.collectAndServe.
: org.apache.spark.SparkException: Job 0 cancelled because SparkContext was shut down
	at org.apache.spark.scheduler.DAGScheduler$$anonfun$cleanUpAfterSchedulerStop$1.apply(DAGScheduler.scala:932)
	at org.apache.spark.scheduler.DAGScheduler$$anonfun$cleanUpAfterSchedulerStop$1.apply(DAGScheduler.scala:930)
	at scala.collection.mutable.HashSet.foreach(HashSet.scala:78)
	at org.apache.spark.scheduler.DAGScheduler.cleanUpAfterSchedulerStop(DAGScheduler.scala:930)
	at org.apache.spark.scheduler.DAGSchedulerEventProcessLoop.onStop(DAGScheduler.scala:2128)
	at org.apache.spark.util.EventLoop.stop(EventLoop.scala:84)
	at org.apache.spark.scheduler.DAGScheduler.stop(DAGScheduler.scala:2041)
	at org.apache.spark.SparkContext$$anonfun$stop$6.apply$mcV$sp(SparkContext.scala:1949)
	at org.apache.spark.util.Utils$.tryLogNonFatalError(Utils.scala:1340)
	at org.apache.spark.SparkContext.stop(SparkContext.scala:1948)
	at org.apache.spark.SparkContext$$anonfun$2.apply$mcV$sp(SparkContext.scala:575)
	at org.apache.spark.util.SparkShutdownHook.run(ShutdownHookManager.scala:216)
	at org.apache.spark.util.SparkShutdownHookManager$$anonfun$runAll$1$$anonfun$apply$mcV$sp$1.apply$mcV$sp(ShutdownHookManager.scala:188)
	at org.apache.spark.util.SparkShutdownHookManager$$anonfun$runAll$1$$anonfun$apply$mcV$sp$1.apply(ShutdownHookManager.scala:188)
	at org.apache.spark.util.SparkShutdownHookManager$$anonfun$runAll$1$$anonfun$apply$mcV$sp$1.apply(ShutdownHookManager.scala:188)
	at org.apache.spark.util.Utils$.logUncaughtExceptions(Utils.scala:1945)
	at org.apache.spark.util.SparkShutdownHookManager$$anonfun$runAll$1.apply$mcV$sp(ShutdownHookManager.scala:188)
	at org.apache.spark.util.SparkShutdownHookManager$$anonfun$runAll$1.apply(ShutdownHookManager.scala:188)
	at org.apache.spark.util.SparkShutdownHookManager$$anonfun$runAll$1.apply(ShutdownHookManager.scala:188)
	at scala.util.Try$.apply(Try.scala:192)
	at org.apache.spark.util.SparkShutdownHookManager.runAll(ShutdownHookManager.scala:188)
	at org.apache.spark.util.SparkShutdownHookManager$$anon$2.run(ShutdownHookManager.scala:178)
	at org.apache.hadoop.util.ShutdownHookManager$1.run(ShutdownHookManager.java:54)
	at org.apache.spark.scheduler.DAGScheduler.runJob(DAGScheduler.scala:737)
	at org.apache.spark.SparkContext.runJob(SparkContext.scala:2061)
	at org.apache.spark.SparkContext.runJob(SparkContext.scala:2082)
	at org.apache.spark.SparkContext.runJob(SparkContext.scala:2101)
	at org.apache.spark.SparkContext.runJob(SparkContext.scala:2126)
	at org.apache.spark.rdd.RDD$$anonfun$collect$1.apply(RDD.scala:945)
	at org.apache.spark.rdd.RDDOperationScope$.withScope(RDDOperationScope.scala:151)
	at org.apache.spark.rdd.RDDOperationScope$.withScope(RDDOperationScope.scala:112)
	at org.apache.spark.rdd.RDD.withScope(RDD.scala:363)
	at org.apache.spark.rdd.RDD.collect(RDD.scala:944)
	at org.apache.spark.api.python.PythonRDD$.collectAndServe(PythonRDD.scala:166)
	at org.apache.spark.api.python.PythonRDD.collectAndServe(PythonRDD.scala)
	at sun.reflect.GeneratedMethodAccessor44.invoke(Unknown Source)
	at sun.reflect.DelegatingMethodAccessorImpl.invoke(DelegatingMethodAccessorImpl.java:43)
	at java.lang.reflect.Method.invoke(Method.java:498)
	at py4j.reflection.MethodInvoker.invoke(MethodInvoker.java:244)
	at py4j.reflection.ReflectionEngine.invoke(ReflectionEngine.java:357)
	at py4j.Gateway.invoke(Gateway.java:282)
	at py4j.commands.AbstractCommand.invokeMethod(AbstractCommand.java:132)
	at py4j.commands.CallCommand.execute(CallCommand.java:79)
	at py4j.GatewayConnection.run(GatewayConnection.java:238)
	at java.lang.Thread.run(Thread.java:745)

Trying cluster: merge_A3558_001111_
21/07/25 01:01:48 ERROR Executor: Exception in task 197.0 in stage 0.0 (TID 197)
org.apache.spark.SparkException: Python worker exited unexpectedly (crashed)
	at org.apache.spark.api.python.BasePythonRunner$ReaderIterator$$anonfun$3.applyOrElse(PythonRunner.scala:490)
	at org.apache.spark.api.python.BasePythonRunner$ReaderIterator$$anonfun$3.applyOrElse(PythonRunner.scala:479)
	at scala.runtime.AbstractPartialFunction.apply(AbstractPartialFunction.scala:36)
	at org.apache.spark.api.python.PythonRunner$$anon$1.read(PythonRunner.scala:597)
	at org.apache.spark.api.python.PythonRunner$$anon$1.read(PythonRunner.scala:575)
	at org.apache.spark.api.python.BasePythonRunner$ReaderIterator.hasNext(PythonRunner.scala:410)
	at org.apache.spark.InterruptibleIterator.hasNext(InterruptibleIterator.scala:37)
	at scala.collection.Iterator$class.foreach(Iterator.scala:891)
	at org.apache.spark.InterruptibleIterator.foreach(InterruptibleIterator.scala:28)
	at scala.collection.generic.Growable$class.$plus$plus$eq(Growable.scala:59)
	at scala.collection.mutable.ArrayBuffer.$plus$plus$eq(ArrayBuffer.scala:104)
	at scala.collection.mutable.ArrayBuffer.$plus$plus$eq(ArrayBuffer.scala:48)
	at scala.collection.TraversableOnce$class.to(TraversableOnce.scala:310)
	at org.apache.spark.InterruptibleIterator.to(InterruptibleIterator.scala:28)
	at scala.collection.TraversableOnce$class.toBuffer(TraversableOnce.scala:302)
	at org.apache.spark.InterruptibleIterator.toBuffer(InterruptibleIterator.scala:28)
	at scala.collection.TraversableOnce$class.toArray(TraversableOnce.scala:289)
	at org.apache.spark.InterruptibleIterator.toArray(InterruptibleIterator.scala:28)
	at org.apache.spark.rdd.RDD$$anonfun$collect$1$$anonfun$13.apply(RDD.scala:945)
	at org.apache.spark.rdd.RDD$$anonfun$collect$1$$anonfun$13.apply(RDD.scala:945)
	at org.apache.spark.SparkContext$$anonfun$runJob$5.apply(SparkContext.scala:2101)
	at org.apache.spark.SparkContext$$anonfun$runJob$5.apply(SparkContext.scala:2101)
	at org.apache.spark.scheduler.ResultTask.runTask(ResultTask.scala:90)
	at org.apache.spark.scheduler.Task.run(Task.scala:123)
	at org.apache.spark.executor.Executor$TaskRunner$$anonfun$10.apply(Executor.scala:408)
	at org.apache.spark.util.Utils$.tryWithSafeFinally(Utils.scala:1360)
	at org.apache.spark.executor.Executor$TaskRunner.run(Executor.scala:414)
	at java.util.concurrent.ThreadPoolExecutor.runWorker(ThreadPoolExecutor.java:1142)
	at java.util.concurrent.ThreadPoolExecutor$Worker.run(ThreadPoolExecutor.java:617)
	at java.lang.Thread.run(Thread.java:745)
Caused by: java.io.EOFException
	at java.io.DataInputStream.readInt(DataInputStream.java:392)
	at org.apache.spark.api.python.PythonRunner$$anon$1.read(PythonRunner.scala:582)
	... 26 more
----------------------------------------
Exception happened during processing of request from ('127.0.0.1', 60986)
Traceback (most recent call last):
  File "/gpfs/runtime/opt/python/3.7.4/lib/python3.7/socketserver.py", line 316, in _handle_request_noblock
    self.process_request(request, client_address)
  File "/gpfs/runtime/opt/python/3.7.4/lib/python3.7/socketserver.py", line 347, in process_request
    self.finish_request(request, client_address)
  File "/gpfs/runtime/opt/python/3.7.4/lib/python3.7/socketserver.py", line 360, in finish_request
    self.RequestHandlerClass(request, client_address, self)
  File "/gpfs/runtime/opt/python/3.7.4/lib/python3.7/socketserver.py", line 720, in __init__
    self.handle()
  File "/gpfs/data/idellant/dmi/dmi/lib/python3.7/site-packages/pyspark/accumulators.py", line 269, in handle
    poll(accum_updates)
  File "/gpfs/data/idellant/dmi/dmi/lib/python3.7/site-packages/pyspark/accumulators.py", line 241, in poll
    if func():
  File "/gpfs/data/idellant/dmi/dmi/lib/python3.7/site-packages/pyspark/accumulators.py", line 245, in accum_updates
    num_updates = read_int(self.rfile)
  File "/gpfs/data/idellant/dmi/dmi/lib/python3.7/site-packages/pyspark/serializers.py", line 717, in read_int
    raise EOFError
EOFError
----------------------------------------
Could not process files:  merge_A3558_001111_
Error:  Cannot run multiple SparkContexts at once; existing SparkContext(app=pyspark-shell, master=local[*]) created by __init__ at ./src/combine_all_catalog_bands.py:147 
Trying cluster: A2029_merge_4477_
Could not process files:  A2029_merge_4477_
Error:  Cannot run multiple SparkContexts at once; existing SparkContext(app=pyspark-shell, master=local[*]) created by __init__ at ./src/combine_all_catalog_bands.py:147 
Trying cluster: A1606_merge_001111_
Could not process files:  A1606_merge_001111_
Error:  Cannot run multiple SparkContexts at once; existing SparkContext(app=pyspark-shell, master=local[*]) created by __init__ at ./src/combine_all_catalog_bands.py:147 
Trying cluster: merge_A3628_3388_
Could not process files:  merge_A3628_3388_
Error:  Cannot run multiple SparkContexts at once; existing SparkContext(app=pyspark-shell, master=local[*]) created by __init__ at ./src/combine_all_catalog_bands.py:147 
Trying cluster: merge_5to6_
Could not process files:  merge_5to6_
Error:  Cannot run multiple SparkContexts at once; existing SparkContext(app=pyspark-shell, master=local[*]) created by __init__ at ./src/combine_all_catalog_bands.py:147 
Trying cluster: A2029_merge_5566_
Could not process files:  A2029_merge_5566_
Error:  Cannot run multiple SparkContexts at once; existing SparkContext(app=pyspark-shell, master=local[*]) created by __init__ at ./src/combine_all_catalog_bands.py:147 
Trying cluster: merge_A3628_5566_
Could not process files:  merge_A3628_5566_
Error:  Cannot run multiple SparkContexts at once; existing SparkContext(app=pyspark-shell, master=local[*]) created by __init__ at ./src/combine_all_catalog_bands.py:147 
Trying cluster: merge_A3628_4477_
Could not process files:  merge_A3628_4477_
Error:  Cannot run multiple SparkContexts at once; existing SparkContext(app=pyspark-shell, master=local[*]) created by __init__ at ./src/combine_all_catalog_bands.py:147 
Trying cluster: merge_3to8_
Could not process files:  merge_3to8_
Error:  Cannot run multiple SparkContexts at once; existing SparkContext(app=pyspark-shell, master=local[*]) created by __init__ at ./src/combine_all_catalog_bands.py:147 
Trying cluster: merge_0to11_
Could not process files:  merge_0to11_
Error:  Cannot run multiple SparkContexts at once; existing SparkContext(app=pyspark-shell, master=local[*]) created by __init__ at ./src/combine_all_catalog_bands.py:147 
Trying cluster: merge_1to10_
Could not process files:  merge_1to10_
Error:  Cannot run multiple SparkContexts at once; existing SparkContext(app=pyspark-shell, master=local[*]) created by __init__ at ./src/combine_all_catalog_bands.py:147 
Trying cluster: merge_A3158_5566_
Could not process files:  merge_A3158_5566_
Error:  Cannot run multiple SparkContexts at once; existing SparkContext(app=pyspark-shell, master=local[*]) created by __init__ at ./src/combine_all_catalog_bands.py:147 
Trying cluster: merge_A3628_001111_
Could not process files:  merge_A3628_001111_
Error:  Cannot run multiple SparkContexts at once; existing SparkContext(app=pyspark-shell, master=local[*]) created by __init__ at ./src/combine_all_catalog_bands.py:147 
Trying cluster: merge_4to7_
Could not process files:  merge_4to7_
Error:  Cannot run multiple SparkContexts at once; existing SparkContext(app=pyspark-shell, master=local[*]) created by __init__ at ./src/combine_all_catalog_bands.py:147 
Trying cluster: merge_
Could not process files:  merge_
Error:  Cannot run multiple SparkContexts at once; existing SparkContext(app=pyspark-shell, master=local[*]) created by __init__ at ./src/combine_all_catalog_bands.py:147 
Trying cluster: merge_A3558_5566_
Could not process files:  merge_A3558_5566_
Error:  Cannot run multiple SparkContexts at once; existing SparkContext(app=pyspark-shell, master=local[*]) created by __init__ at ./src/combine_all_catalog_bands.py:147 
Trying cluster: A1606_merge_3388_
Could not process files:  A1606_merge_3388_
Error:  Cannot run multiple SparkContexts at once; existing SparkContext(app=pyspark-shell, master=local[*]) created by __init__ at ./src/combine_all_catalog_bands.py:147 
Trying cluster: merge_1to10_g
Could not process files:  merge_1to10_g
Error:  [Errno 2] No such file or directory: 'files/clusters/merge_1to10_gu.csv'
Total number of galaxies found: 868580
ERROR:root:Exception while sending command.
Traceback (most recent call last):
  File "/gpfs/data/idellant/dmi/dmi/lib/python3.7/site-packages/py4j/java_gateway.py", line 1159, in send_command
    raise Py4JNetworkError("Answer from Java side is empty")
py4j.protocol.Py4JNetworkError: Answer from Java side is empty

During handling of the above exception, another exception occurred:

Traceback (most recent call last):
  File "/gpfs/data/idellant/dmi/dmi/lib/python3.7/site-packages/py4j/java_gateway.py", line 985, in send_command
    response = connection.send_command(command)
  File "/gpfs/data/idellant/dmi/dmi/lib/python3.7/site-packages/py4j/java_gateway.py", line 1164, in send_command
    "Error while receiving", e, proto.ERROR_ON_RECEIVE)
py4j.protocol.Py4JNetworkError: Error while receiving
ERROR:root:Exception while sending command.
Traceback (most recent call last):
  File "/gpfs/data/idellant/dmi/dmi/lib/python3.7/site-packages/py4j/java_gateway.py", line 1159, in send_command
    raise Py4JNetworkError("Answer from Java side is empty")
py4j.protocol.Py4JNetworkError: Answer from Java side is empty

During handling of the above exception, another exception occurred:

Traceback (most recent call last):
  File "/gpfs/data/idellant/dmi/dmi/lib/python3.7/site-packages/py4j/java_gateway.py", line 985, in send_command
    response = connection.send_command(command)
  File "/gpfs/data/idellant/dmi/dmi/lib/python3.7/site-packages/py4j/java_gateway.py", line 1164, in send_command
    "Error while receiving", e, proto.ERROR_ON_RECEIVE)
py4j.protocol.Py4JNetworkError: Error while receiving
ERROR:py4j.java_gateway:An error occurred while trying to connect to the Java server (127.0.0.1:33495)
Traceback (most recent call last):
  File "/gpfs/data/idellant/dmi/dmi/lib/python3.7/site-packages/py4j/java_gateway.py", line 929, in _get_connection
    connection = self.deque.pop()
IndexError: pop from an empty deque

During handling of the above exception, another exception occurred:

Traceback (most recent call last):
  File "/gpfs/data/idellant/dmi/dmi/lib/python3.7/site-packages/py4j/java_gateway.py", line 1067, in start
    self.socket.connect((self.address, self.port))
ConnectionRefusedError: [Errno 111] Connection refused
ERROR:py4j.java_gateway:An error occurred while trying to connect to the Java server (127.0.0.1:33495)
Traceback (most recent call last):
  File "/gpfs/data/idellant/dmi/dmi/lib/python3.7/site-packages/py4j/java_gateway.py", line 929, in _get_connection
    connection = self.deque.pop()
IndexError: pop from an empty deque

During handling of the above exception, another exception occurred:

Traceback (most recent call last):
  File "/gpfs/data/idellant/dmi/dmi/lib/python3.7/site-packages/py4j/java_gateway.py", line 1067, in start
    self.socket.connect((self.address, self.port))
ConnectionRefusedError: [Errno 111] Connection refused
ERROR:py4j.java_gateway:An error occurred while trying to connect to the Java server (127.0.0.1:33495)
Traceback (most recent call last):
  File "/gpfs/data/idellant/dmi/dmi/lib/python3.7/site-packages/py4j/java_gateway.py", line 929, in _get_connection
    connection = self.deque.pop()
IndexError: pop from an empty deque

During handling of the above exception, another exception occurred:

Traceback (most recent call last):
  File "/gpfs/data/idellant/dmi/dmi/lib/python3.7/site-packages/py4j/java_gateway.py", line 1067, in start
    self.socket.connect((self.address, self.port))
ConnectionRefusedError: [Errno 111] Connection refused
ERROR:py4j.java_gateway:An error occurred while trying to connect to the Java server (127.0.0.1:33495)
Traceback (most recent call last):
  File "/gpfs/data/idellant/dmi/dmi/lib/python3.7/site-packages/py4j/java_gateway.py", line 929, in _get_connection
    connection = self.deque.pop()
IndexError: pop from an empty deque

During handling of the above exception, another exception occurred:

Traceback (most recent call last):
  File "/gpfs/data/idellant/dmi/dmi/lib/python3.7/site-packages/py4j/java_gateway.py", line 1067, in start
    self.socket.connect((self.address, self.port))
ConnectionRefusedError: [Errno 111] Connection refused
ERROR:py4j.java_gateway:An error occurred while trying to connect to the Java server (127.0.0.1:33495)
Traceback (most recent call last):
  File "/gpfs/data/idellant/dmi/dmi/lib/python3.7/site-packages/py4j/java_gateway.py", line 929, in _get_connection
    connection = self.deque.pop()
IndexError: pop from an empty deque

During handling of the above exception, another exception occurred:

Traceback (most recent call last):
  File "/gpfs/data/idellant/dmi/dmi/lib/python3.7/site-packages/py4j/java_gateway.py", line 1067, in start
    self.socket.connect((self.address, self.port))
ConnectionRefusedError: [Errno 111] Connection refused
ERROR:py4j.java_gateway:An error occurred while trying to connect to the Java server (127.0.0.1:33495)
Traceback (most recent call last):
  File "/gpfs/data/idellant/dmi/dmi/lib/python3.7/site-packages/py4j/java_gateway.py", line 929, in _get_connection
    connection = self.deque.pop()
IndexError: pop from an empty deque

During handling of the above exception, another exception occurred:

Traceback (most recent call last):
  File "/gpfs/data/idellant/dmi/dmi/lib/python3.7/site-packages/py4j/java_gateway.py", line 1067, in start
    self.socket.connect((self.address, self.port))
ConnectionRefusedError: [Errno 111] Connection refused
